1630940259359	geckodriver	INFO	Listening on 127.0.0.1:43561
1630940260347	mozrunner::runner	INFO	Running command: "/usr/bin/firefox" "--marionette" "-foreground" "-no-remote" "-profile" "/tmp/rust_mozprofilezJJvwz"
1630940260699	Marionette	INFO	Marionette enabled
console.warn: SearchSettings: "get: No settings file exists, new profile?" (new NotFoundError("Could not open the file at /tmp/rust_mozprofilezJJvwz/search.json.mozlz4", (void 0)))
1630940261850	Marionette	INFO	Listening on port 43585
1630940261964	RemoteAgent	WARN	TLS certificate errors will be ignored for this session
1630940319473	geckodriver	INFO	Listening on 127.0.0.1:55601
1630940319476	mozrunner::runner	INFO	Running command: "/usr/bin/firefox" "--marionette" "-foreground" "-no-remote" "-profile" "/tmp/rust_mozprofilelXy6Hg"
1630940319802	Marionette	INFO	Marionette enabled
console.warn: SearchSettings: "get: No settings file exists, new profile?" (new NotFoundError("Could not open the file at /tmp/rust_mozprofilelXy6Hg/search.json.mozlz4", (void 0)))
1630940320945	Marionette	INFO	Listening on port 36159
1630940320993	RemoteAgent	WARN	TLS certificate errors will be ignored for this session
1630940327979	Marionette	INFO	Stopped listening on port 36159
JavaScript error: resource:///modules/Interactions.jsm, line 209: NS_ERROR_FAILURE: Component returned failure code: 0x80004005 (NS_ERROR_FAILURE) [nsIUserIdleService.removeIdleObserver]
1630940333744	Marionette	INFO	Stopped listening on port 43585
JavaScript error: resource:///modules/Interactions.jsm, line 209: NS_ERROR_FAILURE: Component returned failure code: 0x80004005 (NS_ERROR_FAILURE) [nsIUserIdleService.removeIdleObserver]
1630940409429	geckodriver	INFO	Listening on 127.0.0.1:55357
1630940409433	mozrunner::runner	INFO	Running command: "/usr/bin/firefox" "--marionette" "-foreground" "-no-remote" "-profile" "/tmp/rust_mozprofileHrVOvW"
1630940409753	Marionette	INFO	Marionette enabled
console.warn: SearchSettings: "get: No settings file exists, new profile?" (new NotFoundError("Could not open the file at /tmp/rust_mozprofileHrVOvW/search.json.mozlz4", (void 0)))
1630940411048	Marionette	INFO	Listening on port 44889
1630940411150	RemoteAgent	WARN	TLS certificate errors will be ignored for this session
JavaScript error: resource://gre/actors/AutoCompleteChild.jsm, line 125: Error: Invalid autocomplete selectedIndex
JavaScript error: resource://gre/actors/AutoCompleteChild.jsm, line 125: Error: Invalid autocomplete selectedIndex
JavaScript error: resource://gre/modules/LoginManagerChild.jsm, line 194: NS_ERROR_XPC_JAVASCRIPT_ERROR_WITH_DETAILS: [JavaScript Error: "Invalid autocomplete selectedIndex" {file: "resource://gre/actors/AutoCompleteChild.jsm" line: 125}]'[JavaScript Error: "Invalid autocomplete selectedIndex" {file: "resource://gre/actors/AutoCompleteChild.jsm" line: 125}]' when calling method: [nsIAutoCompletePopup::selectedIndex]
JavaScript error: , line 0: SyntaxError: JSON.parse: unexpected end of data at line 1 column 1 of the JSON data
1630940452171	Marionette	INFO	Stopped listening on port 44889
JavaScript error: resource:///modules/Interactions.jsm, line 209: NS_ERROR_FAILURE: Component returned failure code: 0x80004005 (NS_ERROR_FAILURE) [nsIUserIdleService.removeIdleObserver]
JavaScript error: , line 0: uncaught exception: Object
JavaScript error: , line 0: uncaught exception: Object
JavaScript error: , line 0: uncaught exception: Object
JavaScript error: , line 0: TypeError: NetworkError when attempting to fetch resource.

###!!! [Parent][RunMessage] Error: Channel closing: too late to send/recv, messages will be lost

1630940455083	geckodriver	INFO	Listening on 127.0.0.1:40885
1630940455086	mozrunner::runner	INFO	Running command: "/usr/bin/firefox" "--marionette" "-foreground" "-no-remote" "-profile" "/tmp/rust_mozprofileZdHmx7"
1630940455427	Marionette	INFO	Marionette enabled
console.warn: SearchSettings: "get: No settings file exists, new profile?" (new NotFoundError("Could not open the file at /tmp/rust_mozprofileZdHmx7/search.json.mozlz4", (void 0)))
1630940456822	Marionette	INFO	Listening on port 46141
1630940456905	RemoteAgent	WARN	TLS certificate errors will be ignored for this session
JavaScript error: resource://gre/actors/AutoCompleteChild.jsm, line 125: Error: Invalid autocomplete selectedIndex
JavaScript error: resource://gre/actors/AutoCompleteChild.jsm, line 125: Error: Invalid autocomplete selectedIndex
JavaScript error: resource://gre/modules/LoginManagerChild.jsm, line 194: NS_ERROR_XPC_JAVASCRIPT_ERROR_WITH_DETAILS: [JavaScript Error: "Invalid autocomplete selectedIndex" {file: "resource://gre/actors/AutoCompleteChild.jsm" line: 125}]'[JavaScript Error: "Invalid autocomplete selectedIndex" {file: "resource://gre/actors/AutoCompleteChild.jsm" line: 125}]' when calling method: [nsIAutoCompletePopup::selectedIndex]
JavaScript error: resource://devtools/server/actors/network-monitor/network-event-actor.js, line 109: Error: Got a request https://logincdn.msauth.net/16.000/Converged_v21033__M8MTZS7Nv0I1zR18wdR-g2.css without a browsingContextID set
1630940743788	geckodriver	INFO	Listening on 127.0.0.1:55397
1630940743791	mozrunner::runner	INFO	Running command: "/usr/bin/firefox" "--marionette" "-foreground" "-no-remote" "-profile" "/tmp/rust_mozprofile4v18Bk"
1630940744113	Marionette	INFO	Marionette enabled
console.warn: SearchSettings: "get: No settings file exists, new profile?" (new NotFoundError("Could not open the file at /tmp/rust_mozprofile4v18Bk/search.json.mozlz4", (void 0)))
1630940745449	Marionette	INFO	Listening on port 46367
1630940745508	RemoteAgent	WARN	TLS certificate errors will be ignored for this session
JavaScript error: resource://gre/actors/AutoCompleteChild.jsm, line 125: Error: Invalid autocomplete selectedIndex
JavaScript error: resource://gre/actors/AutoCompleteChild.jsm, line 125: Error: Invalid autocomplete selectedIndex
JavaScript error: resource://gre/modules/LoginManagerChild.jsm, line 194: NS_ERROR_XPC_JAVASCRIPT_ERROR_WITH_DETAILS: [JavaScript Error: "Invalid autocomplete selectedIndex" {file: "resource://gre/actors/AutoCompleteChild.jsm" line: 125}]'[JavaScript Error: "Invalid autocomplete selectedIndex" {file: "resource://gre/actors/AutoCompleteChild.jsm" line: 125}]' when calling method: [nsIAutoCompletePopup::selectedIndex]
1630940768885	Marionette	INFO	Stopped listening on port 46367
JavaScript error: resource:///modules/Interactions.jsm, line 209: NS_ERROR_FAILURE: Component returned failure code: 0x80004005 (NS_ERROR_FAILURE) [nsIUserIdleService.removeIdleObserver]

###!!! [Child][RunMessage] Error: Channel closing: too late to send/recv, messages will be lost


###!!! [Parent][RunMessage] Error: Channel closing: too late to send/recv, messages will be lost

1630940771508	geckodriver	INFO	Listening on 127.0.0.1:42201
1630940771511	mozrunner::runner	INFO	Running command: "/usr/bin/firefox" "--marionette" "-foreground" "-no-remote" "-profile" "/tmp/rust_mozprofileDCmzPJ"
1630940771942	Marionette	INFO	Marionette enabled
console.warn: SearchSettings: "get: No settings file exists, new profile?" (new NotFoundError("Could not open the file at /tmp/rust_mozprofileDCmzPJ/search.json.mozlz4", (void 0)))
1630940773279	Marionette	INFO	Listening on port 41839
1630940773330	RemoteAgent	WARN	TLS certificate errors will be ignored for this session
JavaScript error: resource://gre/actors/AutoCompleteChild.jsm, line 125: Error: Invalid autocomplete selectedIndex
JavaScript error: resource://gre/actors/AutoCompleteChild.jsm, line 125: Error: Invalid autocomplete selectedIndex
JavaScript error: resource://gre/modules/LoginManagerChild.jsm, line 194: NS_ERROR_XPC_JAVASCRIPT_ERROR_WITH_DETAILS: [JavaScript Error: "Invalid autocomplete selectedIndex" {file: "resource://gre/actors/AutoCompleteChild.jsm" line: 125}]'[JavaScript Error: "Invalid autocomplete selectedIndex" {file: "resource://gre/actors/AutoCompleteChild.jsm" line: 125}]' when calling method: [nsIAutoCompletePopup::selectedIndex]
JavaScript error: https://outlook.office365.com/owa/prefetch.aspx?id=292841&mkt=EN-US, line 18: NS_ERROR_NOT_INITIALIZED: 
1630940792577	Marionette	INFO	Stopped listening on port 41839
JavaScript error: chrome://global/content/elements/browser-custom-element.js, line 1695: NotFoundError: No such JSWindowActor 'MarionetteEvents'
JavaScript error: resource:///modules/Interactions.jsm, line 209: NS_ERROR_FAILURE: Component returned failure code: 0x80004005 (NS_ERROR_FAILURE) [nsIUserIdleService.removeIdleObserver]

###!!! [Parent][MessageChannel] Error: (msgtype=0x390076,name=PContent::Msg_DestroyBrowsingContextGroup) Closed channel: cannot send/recv


###!!! [Parent][RunMessage] Error: Channel closing: too late to send/recv, messages will be lost

console.log: WebExtensions: reset-default-search: starting.
console.log: WebExtensions: reset-default-search: No addons in our list are installed.
1630941931052	geckodriver	INFO	Listening on 127.0.0.1:41265
1630941931057	mozrunner::runner	INFO	Running command: "/usr/bin/firefox" "--marionette" "-foreground" "-no-remote" "-profile" "/tmp/rust_mozprofileNgykzz"
1630941931377	Marionette	INFO	Marionette enabled
console.warn: SearchSettings: "get: No settings file exists, new profile?" (new NotFoundError("Could not open the file at /tmp/rust_mozprofileNgykzz/search.json.mozlz4", (void 0)))
1630941932742	Marionette	INFO	Listening on port 42935
1630941932772	RemoteAgent	WARN	TLS certificate errors will be ignored for this session
JavaScript error: resource://gre/actors/AutoCompleteChild.jsm, line 125: Error: Invalid autocomplete selectedIndex
JavaScript error: resource://gre/actors/AutoCompleteChild.jsm, line 125: Error: Invalid autocomplete selectedIndex
JavaScript error: resource://gre/modules/LoginManagerChild.jsm, line 194: NS_ERROR_XPC_JAVASCRIPT_ERROR_WITH_DETAILS: [JavaScript Error: "Invalid autocomplete selectedIndex" {file: "resource://gre/actors/AutoCompleteChild.jsm" line: 125}]'[JavaScript Error: "Invalid autocomplete selectedIndex" {file: "resource://gre/actors/AutoCompleteChild.jsm" line: 125}]' when calling method: [nsIAutoCompletePopup::selectedIndex]
JavaScript error: , line 0: SyntaxError: JSON.parse: unexpected end of data at line 1 column 1 of the JSON data
1630941965741	Marionette	INFO	Stopped listening on port 42935
JavaScript error: , line 0: uncaught exception: Object
JavaScript error: , line 0: uncaught exception: Object
JavaScript error: , line 0: uncaught exception: Object
JavaScript error: resource:///modules/Interactions.jsm, line 209: NS_ERROR_FAILURE: Component returned failure code: 0x80004005 (NS_ERROR_FAILURE) [nsIUserIdleService.removeIdleObserver]
JavaScript error: , line 0: NetworkError: AutoCancel

###!!! [Child][RunMessage] Error: Channel closing: too late to send/recv, messages will be lost


###!!! [Parent][RunMessage] Error: Channel closing: too late to send/recv, messages will be lost

1630941968648	geckodriver	INFO	Listening on 127.0.0.1:48717
1630941968651	mozrunner::runner	INFO	Running command: "/usr/bin/firefox" "--marionette" "-foreground" "-no-remote" "-profile" "/tmp/rust_mozprofile9Htg5d"
1630941968981	Marionette	INFO	Marionette enabled
1630941969535	Marionette	INFO	Stopped listening on port 46141
JavaScript error: resource:///modules/Interactions.jsm, line 209: NS_ERROR_FAILURE: Component returned failure code: 0x80004005 (NS_ERROR_FAILURE) [nsIUserIdleService.removeIdleObserver]

###!!! [Parent][RunMessage] Error: Channel closing: too late to send/recv, messages will be lost

console.warn: SearchSettings: "get: No settings file exists, new profile?" (new NotFoundError("Could not open the file at /tmp/rust_mozprofile9Htg5d/search.json.mozlz4", (void 0)))
1630941970369	Marionette	INFO	Listening on port 34869
1630941970468	RemoteAgent	WARN	TLS certificate errors will be ignored for this session
JavaScript error: resource://gre/actors/AutoCompleteChild.jsm, line 125: Error: Invalid autocomplete selectedIndex
JavaScript error: resource://gre/actors/AutoCompleteChild.jsm, line 125: Error: Invalid autocomplete selectedIndex
JavaScript error: resource://gre/modules/LoginManagerChild.jsm, line 194: NS_ERROR_XPC_JAVASCRIPT_ERROR_WITH_DETAILS: [JavaScript Error: "Invalid autocomplete selectedIndex" {file: "resource://gre/actors/AutoCompleteChild.jsm" line: 125}]'[JavaScript Error: "Invalid autocomplete selectedIndex" {file: "resource://gre/actors/AutoCompleteChild.jsm" line: 125}]' when calling method: [nsIAutoCompletePopup::selectedIndex]
JavaScript error: , line 0: SyntaxError: JSON.parse: unexpected end of data at line 1 column 1 of the JSON data
1630942007873	Marionette	INFO	Stopped listening on port 34869
JavaScript error: resource:///modules/Interactions.jsm, line 209: NS_ERROR_FAILURE: Component returned failure code: 0x80004005 (NS_ERROR_FAILURE) [nsIUserIdleService.removeIdleObserver]

###!!! [Child][MessageChannel] Error: (msgtype=0x5B0008,name=PHttpChannel::Msg_DeletingChannel) Channel closing: too late to send/recv, messages will be lost


###!!! [Child][MessageChannel] Error: (msgtype=0x5B0008,name=PHttpChannel::Msg_DeletingChannel) Channel closing: too late to send/recv, messages will be lost


###!!! [Child][MessageChannel] Error: (msgtype=0x5B0008,name=PHttpChannel::Msg_DeletingChannel) Channel closing: too late to send/recv, messages will be lost


###!!! [Child][MessageChannel] Error: (msgtype=0x5B0008,name=PHttpChannel::Msg_DeletingChannel) Channel closing: too late to send/recv, messages will be lost


###!!! [Child][MessageChannel] Error: (msgtype=0x5B0008,name=PHttpChannel::Msg_DeletingChannel) Channel closing: too late to send/recv, messages will be lost


###!!! [Child][MessageChannel] Error: (msgtype=0x5B0008,name=PHttpChannel::Msg_DeletingChannel) Channel closing: too late to send/recv, messages will be lost


###!!! [Child][MessageChannel] Error: (msgtype=0x5B0008,name=PHttpChannel::Msg_DeletingChannel) Channel closing: too late to send/recv, messages will be lost


###!!! [Child][MessageChannel] Error: (msgtype=0x5B0008,name=PHttpChannel::Msg_DeletingChannel) Channel closing: too late to send/recv, messages will be lost


###!!! [Child][MessageChannel] Error: (msgtype=0x5B0008,name=PHttpChannel::Msg_DeletingChannel) Channel closing: too late to send/recv, messages will be lost


###!!! [Child][MessageChannel] Error: (msgtype=0x5B0008,name=PHttpChannel::Msg_DeletingChannel) Channel closing: too late to send/recv, messages will be lost


###!!! [Child][MessageChannel] Error: (msgtype=0x5B0008,name=PHttpChannel::Msg_DeletingChannel) Channel closing: too late to send/recv, messages will be lost


###!!! [Child][MessageChannel] Error: (msgtype=0x5B0008,name=PHttpChannel::Msg_DeletingChannel) Channel closing: too late to send/recv, messages will be lost


###!!! [Child][MessageChannel] Error: (msgtype=0x5B0008,name=PHttpChannel::Msg_DeletingChannel) Channel closing: too late to send/recv, messages will be lost


###!!! [Child][MessageChannel] Error: (msgtype=0x5B0008,name=PHttpChannel::Msg_DeletingChannel) Channel closing: too late to send/recv, messages will be lost


###!!! [Child][MessageChannel] Error: (msgtype=0x5B0008,name=PHttpChannel::Msg_DeletingChannel) Channel closing: too late to send/recv, messages will be lost


###!!! [Child][MessageChannel] Error: (msgtype=0x5B0008,name=PHttpChannel::Msg_DeletingChannel) Channel closing: too late to send/recv, messages will be lost


###!!! [Child][MessageChannel] Error: (msgtype=0x5B0008,name=PHttpChannel::Msg_DeletingChannel) Channel closing: too late to send/recv, messages will be lost


###!!! [Child][MessageChannel] Error: (msgtype=0x5B0008,name=PHttpChannel::Msg_DeletingChannel) Channel closing: too late to send/recv, messages will be lost


###!!! [Child][MessageChannel] Error: (msgtype=0x5B0008,name=PHttpChannel::Msg_DeletingChannel) Channel closing: too late to send/recv, messages will be lost


###!!! [Child][MessageChannel] Error: (msgtype=0x5B0008,name=PHttpChannel::Msg_DeletingChannel) Channel closing: too late to send/recv, messages will be lost


###!!! [Child][MessageChannel] Error: (msgtype=0x5B0008,name=PHttpChannel::Msg_DeletingChannel) Channel closing: too late to send/recv, messages will be lost


###!!! [Child][MessageChannel] Error: (msgtype=0x5B0008,name=PHttpChannel::Msg_DeletingChannel) Channel closing: too late to send/recv, messages will be lost


###!!! [Child][MessageChannel] Error: (msgtype=0x5B0008,name=PHttpChannel::Msg_DeletingChannel) Channel closing: too late to send/recv, messages will be lost


###!!! [Child][MessageChannel] Error: (msgtype=0x5B0008,name=PHttpChannel::Msg_DeletingChannel) Channel closing: too late to send/recv, messages will be lost


###!!! [Child][MessageChannel] Error: (msgtype=0x5B0008,name=PHttpChannel::Msg_DeletingChannel) Channel closing: too late to send/recv, messages will be lost


###!!! [Child][MessageChannel] Error: (msgtype=0x5B0008,name=PHttpChannel::Msg_DeletingChannel) Channel closing: too late to send/recv, messages will be lost


###!!! [Child][MessageChannel] Error: (msgtype=0x5B0008,name=PHttpChannel::Msg_DeletingChannel) Channel closing: too late to send/recv, messages will be lost


###!!! [Child][MessageChannel] Error: (msgtype=0x5B0008,name=PHttpChannel::Msg_DeletingChannel) Channel closing: too late to send/recv, messages will be lost


###!!! [Child][MessageChannel] Error: (msgtype=0x5B0008,name=PHttpChannel::Msg_DeletingChannel) Channel closing: too late to send/recv, messages will be lost


###!!! [Child][MessageChannel] Error: (msgtype=0x5B0008,name=PHttpChannel::Msg_DeletingChannel) Channel closing: too late to send/recv, messages will be lost


###!!! [Child][MessageChannel] Error: (msgtype=0x5B0008,name=PHttpChannel::Msg_DeletingChannel) Channel closing: too late to send/recv, messages will be lost


###!!! [Child][MessageChannel] Error: (msgtype=0x5B0008,name=PHttpChannel::Msg_DeletingChannel) Channel closing: too late to send/recv, messages will be lost


###!!! [Child][MessageChannel] Error: (msgtype=0x5B0008,name=PHttpChannel::Msg_DeletingChannel) Channel closing: too late to send/recv, messages will be lost


###!!! [Parent][MessageChannel] Error: (msgtype=0x390076,name=PContent::Msg_DestroyBrowsingContextGroup) Closed channel: cannot send/recv


###!!! [Child][MessageChannel] Error: (msgtype=0x23002E,name=PBrowser::Msg___delete__) Channel closing: too late to send/recv, messages will be lost


###!!! [Child][MessageChannel] Error: (msgtype=0x390140,name=PContent::Msg_ScriptError) Channel closing: too late to send/recv, messages will be lost


###!!! [Child][MessageChannel] Error: (msgtype=0xA90006,name=PWebSocket::Msg_DeleteSelf) Channel closing: too late to send/recv, messages will be lost


###!!! [Child][MessageChannel] Error: (msgtype=0x390140,name=PContent::Msg_ScriptError) Channel closing: too late to send/recv, messages will be lost


###!!! [Child][MessageChannel] Error: (msgtype=0xA90006,name=PWebSocket::Msg_DeleteSelf) Channel closing: too late to send/recv, messages will be lost


###!!! [Child][RunMessage] Error: Channel closing: too late to send/recv, messages will be lost

JavaScript error: , line 0: TypeError: NetworkError when attempting to fetch resource.

###!!! [Parent][RunMessage] Error: Channel closing: too late to send/recv, messages will be lost

1630942131396	geckodriver	INFO	Listening on 127.0.0.1:38669
1630942131399	mozrunner::runner	INFO	Running command: "/usr/bin/firefox" "--marionette" "-foreground" "-no-remote" "-profile" "/tmp/rust_mozprofileTYZJMn"
1630942131738	Marionette	INFO	Marionette enabled
console.warn: SearchSettings: "get: No settings file exists, new profile?" (new NotFoundError("Could not open the file at /tmp/rust_mozprofileTYZJMn/search.json.mozlz4", (void 0)))
1630942132878	Marionette	INFO	Listening on port 40297
1630942132919	RemoteAgent	WARN	TLS certificate errors will be ignored for this session
JavaScript error: resource://gre/actors/AutoCompleteChild.jsm, line 125: Error: Invalid autocomplete selectedIndex
JavaScript error: resource://gre/actors/AutoCompleteChild.jsm, line 125: Error: Invalid autocomplete selectedIndex
JavaScript error: resource://gre/modules/LoginManagerChild.jsm, line 194: NS_ERROR_XPC_JAVASCRIPT_ERROR_WITH_DETAILS: [JavaScript Error: "Invalid autocomplete selectedIndex" {file: "resource://gre/actors/AutoCompleteChild.jsm" line: 125}]'[JavaScript Error: "Invalid autocomplete selectedIndex" {file: "resource://gre/actors/AutoCompleteChild.jsm" line: 125}]' when calling method: [nsIAutoCompletePopup::selectedIndex]
1630942153369	Marionette	INFO	Stopped listening on port 40297
JavaScript error: resource:///modules/Interactions.jsm, line 209: NS_ERROR_FAILURE: Component returned failure code: 0x80004005 (NS_ERROR_FAILURE) [nsIUserIdleService.removeIdleObserver]

###!!! [Parent][RunMessage] Error: Channel closing: too late to send/recv, messages will be lost

1630942155971	geckodriver	INFO	Listening on 127.0.0.1:45567
1630942155974	mozrunner::runner	INFO	Running command: "/usr/bin/firefox" "--marionette" "-foreground" "-no-remote" "-profile" "/tmp/rust_mozprofilePORQ8H"
1630942156300	Marionette	INFO	Marionette enabled
console.warn: SearchSettings: "get: No settings file exists, new profile?" (new NotFoundError("Could not open the file at /tmp/rust_mozprofilePORQ8H/search.json.mozlz4", (void 0)))
1630942157655	Marionette	INFO	Listening on port 45181
1630942157700	RemoteAgent	WARN	TLS certificate errors will be ignored for this session
JavaScript error: resource://gre/actors/AutoCompleteChild.jsm, line 125: Error: Invalid autocomplete selectedIndex
JavaScript error: resource://gre/actors/AutoCompleteChild.jsm, line 125: Error: Invalid autocomplete selectedIndex
JavaScript error: resource://gre/modules/LoginManagerChild.jsm, line 194: NS_ERROR_XPC_JAVASCRIPT_ERROR_WITH_DETAILS: [JavaScript Error: "Invalid autocomplete selectedIndex" {file: "resource://gre/actors/AutoCompleteChild.jsm" line: 125}]'[JavaScript Error: "Invalid autocomplete selectedIndex" {file: "resource://gre/actors/AutoCompleteChild.jsm" line: 125}]' when calling method: [nsIAutoCompletePopup::selectedIndex]
1630942174545	Marionette	INFO	Stopped listening on port 45181
JavaScript error: resource:///modules/Interactions.jsm, line 209: NS_ERROR_FAILURE: Component returned failure code: 0x80004005 (NS_ERROR_FAILURE) [nsIUserIdleService.removeIdleObserver]
JavaScript error: resource:///modules/FaviconLoader.jsm, line 596: InvalidStateError: JSWindowActorChild.sendAsyncMessage: JSWindowActorChild cannot send at the moment

###!!! [Child][RunMessage] Error: Channel closing: too late to send/recv, messages will be lost


###!!! [Parent][RunMessage] Error: Channel closing: too late to send/recv, messages will be lost

1630942438671	geckodriver	INFO	Listening on 127.0.0.1:36137
1630942438674	mozrunner::runner	INFO	Running command: "/usr/bin/firefox" "--marionette" "-foreground" "-no-remote" "-profile" "/tmp/rust_mozprofilejXicRB"
1630942439010	Marionette	INFO	Marionette enabled
console.warn: SearchSettings: "get: No settings file exists, new profile?" (new NotFoundError("Could not open the file at /tmp/rust_mozprofilejXicRB/search.json.mozlz4", (void 0)))
1630942440149	Marionette	INFO	Listening on port 35541
1630942440191	RemoteAgent	WARN	TLS certificate errors will be ignored for this session
JavaScript error: resource://gre/actors/AutoCompleteChild.jsm, line 125: Error: Invalid autocomplete selectedIndex
JavaScript error: resource://gre/actors/AutoCompleteChild.jsm, line 125: Error: Invalid autocomplete selectedIndex
JavaScript error: resource://gre/modules/LoginManagerChild.jsm, line 194: NS_ERROR_XPC_JAVASCRIPT_ERROR_WITH_DETAILS: [JavaScript Error: "Invalid autocomplete selectedIndex" {file: "resource://gre/actors/AutoCompleteChild.jsm" line: 125}]'[JavaScript Error: "Invalid autocomplete selectedIndex" {file: "resource://gre/actors/AutoCompleteChild.jsm" line: 125}]' when calling method: [nsIAutoCompletePopup::selectedIndex]
1630942462980	Marionette	INFO	Stopped listening on port 35541
JavaScript error: resource:///modules/Interactions.jsm, line 209: NS_ERROR_FAILURE: Component returned failure code: 0x80004005 (NS_ERROR_FAILURE) [nsIUserIdleService.removeIdleObserver]

###!!! [Parent][RunMessage] Error: Channel closing: too late to send/recv, messages will be lost

1630942466120	geckodriver	INFO	Listening on 127.0.0.1:52459
1630942466123	mozrunner::runner	INFO	Running command: "/usr/bin/firefox" "--marionette" "-foreground" "-no-remote" "-profile" "/tmp/rust_mozprofilevzaTSj"
1630942466448	Marionette	INFO	Marionette enabled
console.warn: SearchSettings: "get: No settings file exists, new profile?" (new NotFoundError("Could not open the file at /tmp/rust_mozprofilevzaTSj/search.json.mozlz4", (void 0)))
1630942467702	Marionette	INFO	Listening on port 46375
1630942467745	RemoteAgent	WARN	TLS certificate errors will be ignored for this session
JavaScript error: resource://gre/actors/AutoCompleteChild.jsm, line 125: Error: Invalid autocomplete selectedIndex
JavaScript error: resource://gre/actors/AutoCompleteChild.jsm, line 125: Error: Invalid autocomplete selectedIndex
JavaScript error: resource://gre/modules/LoginManagerChild.jsm, line 194: NS_ERROR_XPC_JAVASCRIPT_ERROR_WITH_DETAILS: [JavaScript Error: "Invalid autocomplete selectedIndex" {file: "resource://gre/actors/AutoCompleteChild.jsm" line: 125}]'[JavaScript Error: "Invalid autocomplete selectedIndex" {file: "resource://gre/actors/AutoCompleteChild.jsm" line: 125}]' when calling method: [nsIAutoCompletePopup::selectedIndex]
1630942488434	Marionette	INFO	Stopped listening on port 46375
JavaScript error: resource:///modules/Interactions.jsm, line 209: NS_ERROR_FAILURE: Component returned failure code: 0x80004005 (NS_ERROR_FAILURE) [nsIUserIdleService.removeIdleObserver]

###!!! [Parent][RunMessage] Error: Channel closing: too late to send/recv, messages will be lost

1630942592549	geckodriver	INFO	Listening on 127.0.0.1:38371
1630942592552	mozrunner::runner	INFO	Running command: "/usr/bin/firefox" "--marionette" "-foreground" "-no-remote" "-profile" "/tmp/rust_mozprofileKTWCoz"
1630942592889	Marionette	INFO	Marionette enabled
console.warn: SearchSettings: "get: No settings file exists, new profile?" (new NotFoundError("Could not open the file at /tmp/rust_mozprofileKTWCoz/search.json.mozlz4", (void 0)))
1630942594017	Marionette	INFO	Listening on port 39843
1630942594067	RemoteAgent	WARN	TLS certificate errors will be ignored for this session
1630942606243	Marionette	INFO	Stopped listening on port 39843
JavaScript error: resource:///modules/Interactions.jsm, line 209: NS_ERROR_FAILURE: Component returned failure code: 0x80004005 (NS_ERROR_FAILURE) [nsIUserIdleService.removeIdleObserver]
JavaScript error: chrome://remote/content/marionette/cert.js, line 55: NS_ERROR_NOT_AVAILABLE: Component returned failure code: 0x80040111 (NS_ERROR_NOT_AVAILABLE) [nsICertOverrideService.setDisableAllSecurityChecksAndLetAttackersInterceptMyData]

###!!! [Parent][RunMessage] Error: Channel closing: too late to send/recv, messages will be lost

1630942607212	geckodriver	INFO	Listening on 127.0.0.1:56203
1630942607216	mozrunner::runner	INFO	Running command: "/usr/bin/firefox" "--marionette" "-foreground" "-no-remote" "-profile" "/tmp/rust_mozprofileRsIUxZ"
1630942607553	Marionette	INFO	Marionette enabled
console.warn: SearchSettings: "get: No settings file exists, new profile?" (new NotFoundError("Could not open the file at /tmp/rust_mozprofileRsIUxZ/search.json.mozlz4", (void 0)))
1630942608810	Marionette	INFO	Listening on port 35239
1630942608832	RemoteAgent	WARN	TLS certificate errors will be ignored for this session
JavaScript error: resource://gre/actors/AutoCompleteChild.jsm, line 125: Error: Invalid autocomplete selectedIndex
JavaScript error: resource://gre/actors/AutoCompleteChild.jsm, line 125: Error: Invalid autocomplete selectedIndex
JavaScript error: resource://gre/modules/LoginManagerChild.jsm, line 194: NS_ERROR_XPC_JAVASCRIPT_ERROR_WITH_DETAILS: [JavaScript Error: "Invalid autocomplete selectedIndex" {file: "resource://gre/actors/AutoCompleteChild.jsm" line: 125}]'[JavaScript Error: "Invalid autocomplete selectedIndex" {file: "resource://gre/actors/AutoCompleteChild.jsm" line: 125}]' when calling method: [nsIAutoCompletePopup::selectedIndex]
1630942635416	Marionette	INFO	Stopped listening on port 35239
JavaScript error: resource:///modules/Interactions.jsm, line 209: NS_ERROR_FAILURE: Component returned failure code: 0x80004005 (NS_ERROR_FAILURE) [nsIUserIdleService.removeIdleObserver]
JavaScript error: , line 0: NetworkError: AutoCancel

###!!! [Parent][RunMessage] Error: Channel closing: too late to send/recv, messages will be lost

1630942639045	geckodriver	INFO	Listening on 127.0.0.1:59105
1630942639047	mozrunner::runner	INFO	Running command: "/usr/bin/firefox" "--marionette" "-foreground" "-no-remote" "-profile" "/tmp/rust_mozprofileDYRSnd"
1630942639405	Marionette	INFO	Marionette enabled
console.warn: SearchSettings: "get: No settings file exists, new profile?" (new NotFoundError("Could not open the file at /tmp/rust_mozprofileDYRSnd/search.json.mozlz4", (void 0)))
1630942640881	Marionette	INFO	Listening on port 46195
1630942640971	RemoteAgent	WARN	TLS certificate errors will be ignored for this session
JavaScript error: resource://gre/actors/AutoCompleteChild.jsm, line 125: Error: Invalid autocomplete selectedIndex
JavaScript error: resource://gre/actors/AutoCompleteChild.jsm, line 125: Error: Invalid autocomplete selectedIndex
JavaScript error: resource://gre/modules/LoginManagerChild.jsm, line 194: NS_ERROR_XPC_JAVASCRIPT_ERROR_WITH_DETAILS: [JavaScript Error: "Invalid autocomplete selectedIndex" {file: "resource://gre/actors/AutoCompleteChild.jsm" line: 125}]'[JavaScript Error: "Invalid autocomplete selectedIndex" {file: "resource://gre/actors/AutoCompleteChild.jsm" line: 125}]' when calling method: [nsIAutoCompletePopup::selectedIndex]
1630942665988	Marionette	INFO	Stopped listening on port 46195
JavaScript error: resource:///modules/Interactions.jsm, line 209: NS_ERROR_FAILURE: Component returned failure code: 0x80004005 (NS_ERROR_FAILURE) [nsIUserIdleService.removeIdleObserver]
JavaScript error: , line 0: NetworkError: AutoCancel
JavaScript error: , line 0: NetworkError: AutoCancel
JavaScript error: , line 0: NetworkError: AutoCancel
JavaScript error: , line 0: NetworkError: AutoCancel
JavaScript error: , line 0: NetworkError: AutoCancel
JavaScript error: , line 0: NetworkError: AutoCancel
JavaScript error: , line 0: NetworkError: AutoCancel
JavaScript error: , line 0: NetworkError: AutoCancel
JavaScript error: , line 0: NetworkError: AutoCancel
JavaScript error: , line 0: NetworkError: AutoCancel
JavaScript error: , line 0: NetworkError: AutoCancel

###!!! [Parent][RunMessage] Error: Channel closing: too late to send/recv, messages will be lost

1631005572408	geckodriver	INFO	Listening on 127.0.0.1:53375
1631005573400	mozrunner::runner	INFO	Running command: "/usr/bin/firefox" "--marionette" "-foreground" "-no-remote" "-profile" "/tmp/rust_mozprofile6Bqleq"
1631005573882	Marionette	INFO	Marionette enabled
console.warn: SearchSettings: "get: No settings file exists, new profile?" (new NotFoundError("Could not open the file at /tmp/rust_mozprofile6Bqleq/search.json.mozlz4", (void 0)))
1631005575126	Marionette	INFO	Listening on port 34643
1631005575223	RemoteAgent	WARN	TLS certificate errors will be ignored for this session
1631005589981	Marionette	INFO	Stopped listening on port 34643
JavaScript error: resource:///modules/Interactions.jsm, line 209: NS_ERROR_FAILURE: Component returned failure code: 0x80004005 (NS_ERROR_FAILURE) [nsIUserIdleService.removeIdleObserver]
JavaScript error: chrome://remote/content/marionette/cert.js, line 55: NS_ERROR_NOT_AVAILABLE: Component returned failure code: 0x80040111 (NS_ERROR_NOT_AVAILABLE) [nsICertOverrideService.setDisableAllSecurityChecksAndLetAttackersInterceptMyData]
1631005592395	geckodriver	INFO	Listening on 127.0.0.1:36745
1631005592403	mozrunner::runner	INFO	Running command: "/usr/bin/firefox" "--marionette" "-foreground" "-no-remote" "-profile" "/tmp/rust_mozprofilenNJQaA"
1631005592811	Marionette	INFO	Marionette enabled
console.warn: SearchSettings: "get: No settings file exists, new profile?" (new NotFoundError("Could not open the file at /tmp/rust_mozprofilenNJQaA/search.json.mozlz4", (void 0)))
1631005594158	Marionette	INFO	Listening on port 35617
1631005594232	RemoteAgent	WARN	TLS certificate errors will be ignored for this session
1631005595819	Marionette	INFO	Stopped listening on port 35617
JavaScript error: resource:///modules/Interactions.jsm, line 209: NS_ERROR_FAILURE: Component returned failure code: 0x80004005 (NS_ERROR_FAILURE) [nsIUserIdleService.removeIdleObserver]
JavaScript error: chrome://remote/content/marionette/cert.js, line 55: NS_ERROR_NOT_AVAILABLE: Component returned failure code: 0x80040111 (NS_ERROR_NOT_AVAILABLE) [nsICertOverrideService.setDisableAllSecurityChecksAndLetAttackersInterceptMyData]
JavaScript error: https://outlook.live.com/owa/prefetch.aspx, line 18: NS_ERROR_NOT_INITIALIZED: 

###!!! [Child][MessageChannel] Error: (msgtype=0x6B0014,name=PNecko::Msg_PredLearn) Channel closing: too late to send/recv, messages will be lost


###!!! [Parent][RunMessage] Error: Channel closing: too late to send/recv, messages will be lost

1631005637527	geckodriver	INFO	Listening on 127.0.0.1:33983
1631005637531	mozrunner::runner	INFO	Running command: "/usr/bin/firefox" "--marionette" "-foreground" "-no-remote" "-profile" "/tmp/rust_mozprofiledLUSmr"
1631005637851	Marionette	INFO	Marionette enabled
console.warn: SearchSettings: "get: No settings file exists, new profile?" (new NotFoundError("Could not open the file at /tmp/rust_mozprofiledLUSmr/search.json.mozlz4", (void 0)))
1631005638980	Marionette	INFO	Listening on port 44193
1631005639047	RemoteAgent	WARN	TLS certificate errors will be ignored for this session
1631005654613	Marionette	INFO	Stopped listening on port 44193
JavaScript error: resource:///modules/Interactions.jsm, line 209: NS_ERROR_FAILURE: Component returned failure code: 0x80004005 (NS_ERROR_FAILURE) [nsIUserIdleService.removeIdleObserver]
JavaScript error: chrome://remote/content/marionette/cert.js, line 55: NS_ERROR_NOT_AVAILABLE: Component returned failure code: 0x80040111 (NS_ERROR_NOT_AVAILABLE) [nsICertOverrideService.setDisableAllSecurityChecksAndLetAttackersInterceptMyData]
1631005657052	geckodriver	INFO	Listening on 127.0.0.1:46005
1631005657061	mozrunner::runner	INFO	Running command: "/usr/bin/firefox" "--marionette" "-foreground" "-no-remote" "-profile" "/tmp/rust_mozprofileoPANlg"
1631005657424	Marionette	INFO	Marionette enabled
console.warn: SearchSettings: "get: No settings file exists, new profile?" (new NotFoundError("Could not open the file at /tmp/rust_mozprofileoPANlg/search.json.mozlz4", (void 0)))
1631005658715	Marionette	INFO	Listening on port 41087
1631005658789	RemoteAgent	WARN	TLS certificate errors will be ignored for this session
1631005660510	Marionette	INFO	Stopped listening on port 41087
JavaScript error: resource:///modules/Interactions.jsm, line 209: NS_ERROR_FAILURE: Component returned failure code: 0x80004005 (NS_ERROR_FAILURE) [nsIUserIdleService.removeIdleObserver]
JavaScript error: chrome://remote/content/marionette/cert.js, line 55: NS_ERROR_NOT_AVAILABLE: Component returned failure code: 0x80040111 (NS_ERROR_NOT_AVAILABLE) [nsICertOverrideService.setDisableAllSecurityChecksAndLetAttackersInterceptMyData]
JavaScript error: https://outlook.live.com/owa/prefetch.aspx, line 18: NS_ERROR_NOT_INITIALIZED: 

###!!! [Child][MessageChannel] Error: (msgtype=0x6B0014,name=PNecko::Msg_PredLearn) Channel closing: too late to send/recv, messages will be lost


###!!! [Parent][RunMessage] Error: Channel closing: too late to send/recv, messages will be lost

1631005705525	geckodriver	INFO	Listening on 127.0.0.1:45841
1631005705529	mozrunner::runner	INFO	Running command: "/usr/bin/firefox" "--marionette" "-foreground" "-no-remote" "-profile" "/tmp/rust_mozprofilefNZTi8"
1631005705848	Marionette	INFO	Marionette enabled
console.warn: SearchSettings: "get: No settings file exists, new profile?" (new NotFoundError("Could not open the file at /tmp/rust_mozprofilefNZTi8/search.json.mozlz4", (void 0)))
1631005706989	Marionette	INFO	Listening on port 43085
1631005707076	RemoteAgent	WARN	TLS certificate errors will be ignored for this session
1631005716984	Marionette	INFO	Stopped listening on port 43085
JavaScript error: resource:///modules/Interactions.jsm, line 209: NS_ERROR_FAILURE: Component returned failure code: 0x80004005 (NS_ERROR_FAILURE) [nsIUserIdleService.removeIdleObserver]
JavaScript error: chrome://remote/content/marionette/cert.js, line 55: NS_ERROR_NOT_AVAILABLE: Component returned failure code: 0x80040111 (NS_ERROR_NOT_AVAILABLE) [nsICertOverrideService.setDisableAllSecurityChecksAndLetAttackersInterceptMyData]

###!!! [Parent][RunMessage] Error: Channel closing: too late to send/recv, messages will be lost

1631005719331	geckodriver	INFO	Listening on 127.0.0.1:43303
1631005719340	mozrunner::runner	INFO	Running command: "/usr/bin/firefox" "--marionette" "-foreground" "-no-remote" "-profile" "/tmp/rust_mozprofile6MFqpN"
1631005719704	Marionette	INFO	Marionette enabled
console.warn: SearchSettings: "get: No settings file exists, new profile?" (new NotFoundError("Could not open the file at /tmp/rust_mozprofile6MFqpN/search.json.mozlz4", (void 0)))
1631005720896	Marionette	INFO	Listening on port 43885
1631005720983	RemoteAgent	WARN	TLS certificate errors will be ignored for this session
1631005722678	Marionette	INFO	Stopped listening on port 43885
JavaScript error: resource:///modules/Interactions.jsm, line 209: NS_ERROR_FAILURE: Component returned failure code: 0x80004005 (NS_ERROR_FAILURE) [nsIUserIdleService.removeIdleObserver]
JavaScript error: chrome://remote/content/marionette/cert.js, line 55: NS_ERROR_NOT_AVAILABLE: Component returned failure code: 0x80040111 (NS_ERROR_NOT_AVAILABLE) [nsICertOverrideService.setDisableAllSecurityChecksAndLetAttackersInterceptMyData]
JavaScript error: https://outlook.live.com/owa/prefetch.aspx, line 18: NS_ERROR_NOT_INITIALIZED: 

###!!! [Child][MessageChannel] Error: (msgtype=0x6B0014,name=PNecko::Msg_PredLearn) Channel closing: too late to send/recv, messages will be lost

1631005859075	geckodriver	INFO	Listening on 127.0.0.1:54529
1631005859078	mozrunner::runner	INFO	Running command: "/usr/bin/firefox" "--marionette" "-foreground" "-no-remote" "-profile" "/tmp/rust_mozprofileeuyStW"
1631005859404	Marionette	INFO	Marionette enabled
console.warn: SearchSettings: "get: No settings file exists, new profile?" (new NotFoundError("Could not open the file at /tmp/rust_mozprofileeuyStW/search.json.mozlz4", (void 0)))
1631005860698	Marionette	INFO	Listening on port 43021
1631005860815	RemoteAgent	WARN	TLS certificate errors will be ignored for this session
JavaScript error: resource://gre/actors/AutoCompleteChild.jsm, line 125: Error: Invalid autocomplete selectedIndex
JavaScript error: resource://gre/actors/AutoCompleteChild.jsm, line 125: Error: Invalid autocomplete selectedIndex
JavaScript error: resource://gre/modules/LoginManagerChild.jsm, line 194: NS_ERROR_XPC_JAVASCRIPT_ERROR_WITH_DETAILS: [JavaScript Error: "Invalid autocomplete selectedIndex" {file: "resource://gre/actors/AutoCompleteChild.jsm" line: 125}]'[JavaScript Error: "Invalid autocomplete selectedIndex" {file: "resource://gre/actors/AutoCompleteChild.jsm" line: 125}]' when calling method: [nsIAutoCompletePopup::selectedIndex]
1631005877756	Marionette	INFO	Stopped listening on port 43021
JavaScript error: resource:///modules/Interactions.jsm, line 209: NS_ERROR_FAILURE: Component returned failure code: 0x80004005 (NS_ERROR_FAILURE) [nsIUserIdleService.removeIdleObserver]
JavaScript error: , line 0: NetworkError: AutoCancel

###!!! [Child][RunMessage] Error: Channel closing: too late to send/recv, messages will be lost


###!!! [Child][MessageChannel] Error: (msgtype=0x5B0008,name=PHttpChannel::Msg_DeletingChannel) Channel closing: too late to send/recv, messages will be lost


###!!! [Child][MessageChannel] Error: (msgtype=0x5B0008,name=PHttpChannel::Msg_DeletingChannel) Channel closing: too late to send/recv, messages will be lost


###!!! [Child][MessageChannel] Error: (msgtype=0x5B0008,name=PHttpChannel::Msg_DeletingChannel) Channel closing: too late to send/recv, messages will be lost


###!!! [Child][MessageChannel] Error: (msgtype=0x5B0008,name=PHttpChannel::Msg_DeletingChannel) Channel closing: too late to send/recv, messages will be lost


###!!! [Parent][RunMessage] Error: Channel closing: too late to send/recv, messages will be lost

1631005880203	geckodriver	INFO	Listening on 127.0.0.1:43317
1631005880208	mozrunner::runner	INFO	Running command: "/usr/bin/firefox" "--marionette" "-foreground" "-no-remote" "-profile" "/tmp/rust_mozprofilewl9v2L"
1631005880543	Marionette	INFO	Marionette enabled
console.warn: SearchSettings: "get: No settings file exists, new profile?" (new NotFoundError("Could not open the file at /tmp/rust_mozprofilewl9v2L/search.json.mozlz4", (void 0)))
1631005881869	Marionette	INFO	Listening on port 38895
1631005881926	RemoteAgent	WARN	TLS certificate errors will be ignored for this session
1631005895338	geckodriver	INFO	Listening on 127.0.0.1:43439
1631005895342	mozrunner::runner	INFO	Running command: "/usr/bin/firefox" "--marionette" "-foreground" "-no-remote" "-profile" "/tmp/rust_mozprofilejiEUqh"
1631005895680	Marionette	INFO	Marionette enabled
console.warn: SearchSettings: "get: No settings file exists, new profile?" (new NotFoundError("Could not open the file at /tmp/rust_mozprofilejiEUqh/search.json.mozlz4", (void 0)))
1631005896850	Marionette	INFO	Listening on port 37051
1631005896988	RemoteAgent	WARN	TLS certificate errors will be ignored for this session
JavaScript error: resource://gre/actors/AutoCompleteChild.jsm, line 125: Error: Invalid autocomplete selectedIndex
JavaScript error: resource://gre/actors/AutoCompleteChild.jsm, line 125: Error: Invalid autocomplete selectedIndex
JavaScript error: resource://gre/modules/LoginManagerChild.jsm, line 194: NS_ERROR_XPC_JAVASCRIPT_ERROR_WITH_DETAILS: [JavaScript Error: "Invalid autocomplete selectedIndex" {file: "resource://gre/actors/AutoCompleteChild.jsm" line: 125}]'[JavaScript Error: "Invalid autocomplete selectedIndex" {file: "resource://gre/actors/AutoCompleteChild.jsm" line: 125}]' when calling method: [nsIAutoCompletePopup::selectedIndex]
1631005910172	Marionette	WARN	TimedPromise timed out after 500 ms: stacktrace:
TimedPromise/<@chrome://remote/content/marionette/sync.js:238:19
TimedPromise@chrome://remote/content/marionette/sync.js:223:10
interaction.flushEventLoop@chrome://remote/content/marionette/interaction.js:431:10
webdriverClickElement@chrome://remote/content/marionette/interaction.js:179:31
JavaScript error: , line 0: SyntaxError: JSON.parse: unexpected end of data at line 1 column 1 of the JSON data
1631005923909	Marionette	INFO	Stopped listening on port 37051
JavaScript error: resource:///modules/Interactions.jsm, line 209: NS_ERROR_FAILURE: Component returned failure code: 0x80004005 (NS_ERROR_FAILURE) [nsIUserIdleService.removeIdleObserver]
JavaScript error: , line 0: TypeError: NetworkError when attempting to fetch resource.
JavaScript error: chrome://remote/content/marionette/cert.js, line 55: NS_ERROR_NOT_AVAILABLE: Component returned failure code: 0x80040111 (NS_ERROR_NOT_AVAILABLE) [nsICertOverrideService.setDisableAllSecurityChecksAndLetAttackersInterceptMyData]

###!!! [Parent][RunMessage] Error: Channel closing: too late to send/recv, messages will be lost

1631179361581	geckodriver	INFO	Listening on 127.0.0.1:34871
1631179362572	mozrunner::runner	INFO	Running command: "/usr/bin/firefox" "--marionette" "-foreground" "-no-remote" "-profile" "/tmp/rust_mozprofilen1GYyV"
1631179363042	Marionette	INFO	Marionette enabled
console.warn: SearchSettings: "get: No settings file exists, new profile?" (new NotFoundError("Could not open the file at /tmp/rust_mozprofilen1GYyV/search.json.mozlz4", (void 0)))
1631179364427	Marionette	INFO	Listening on port 46683
1631179364518	RemoteAgent	WARN	TLS certificate errors will be ignored for this session
